{"C:\\projects\\getting-started-with-jest\\src\\filterByTerm.js": {"path":"C:\\projects\\getting-started-with-jest\\src\\filterByTerm.js","statementMap":{"0":{"start":{"line":2,"column":4},"end":{"line":2,"column":62}},"1":{"start":{"line":2,"column":20},"end":{"line":2,"column":62}},"2":{"start":{"line":3,"column":18},"end":{"line":3,"column":45}},"3":{"start":{"line":4,"column":4},"end":{"line":6,"column":7}},"4":{"start":{"line":5,"column":8},"end":{"line":5,"column":45}},"5":{"start":{"line":9,"column":0},"end":{"line":9,"column":30}}},"fnMap":{"0":{"name":"filterByTerm","decl":{"start":{"line":1,"column":9},"end":{"line":1,"column":21}},"loc":{"start":{"line":1,"column":43},"end":{"line":7,"column":1}},"line":1},"1":{"name":"(anonymous_1)","decl":{"start":{"line":4,"column":27},"end":{"line":4,"column":28}},"loc":{"start":{"line":4,"column":49},"end":{"line":6,"column":5}},"line":4}},"branchMap":{"0":{"loc":{"start":{"line":2,"column":4},"end":{"line":2,"column":62}},"type":"if","locations":[{"start":{"line":2,"column":4},"end":{"line":2,"column":62}},{"start":{},"end":{}}],"line":2}},"s":{"0":2,"1":0,"2":2,"3":2,"4":6,"5":1},"f":{"0":2,"1":6},"b":{"0":[0,2]},"_coverageSchema":"1a1c01bbd47fc00a2c39e90264f33305004495a9","hash":"5d8de4be1d1c9ed5cde52d23cccde0a2123d8f75"}
}
